<?xml version="1.0" encoding="UTF-8"?>
<testng-results skipped="0" failed="0" ignored="0" total="1" passed="1">
  <reporter-output>
  </reporter-output>
  <suite name="Default suite" duration-ms="25282" started-at="2024-08-07T19:26:27 IST" finished-at="2024-08-07T19:26:52 IST">
    <groups>
    </groups>
    <test name="Default test" duration-ms="25282" started-at="2024-08-07T19:26:27 IST" finished-at="2024-08-07T19:26:52 IST">
      <class name="com.ebanking.master.SGrid">
        <test-method status="PASS" signature="Gd()[pri:0, instance:com.ebanking.master.SGrid@1b68ddbd]" name="Gd" duration-ms="25203" started-at="2024-08-07T19:26:27 IST" finished-at="2024-08-07T19:26:52 IST">
          <reporter-output>
          </reporter-output>
        </test-method> <!-- Gd -->
      </class> <!-- com.ebanking.master.SGrid -->
    </test> <!-- Default test -->
  </suite> <!-- Default suite -->
</testng-results>
